The system is: Windows - 10.0.19045 - AMD64
Compiling the C compiler identification source file "CMakeCCompilerId.c" succeeded.
Compiler: C:/Program Files (x86)/Microsoft Visual Studio/2022/BuildTools/VC/Tools/MSVC/14.37.32822/bin/Hostx86/x86/cl.exe 
Build flags: 
Id flags:  

The output was:
0
Оптимизирующий компилятор Microsoft (R) C/C++ версии 19.37.32824 для x86
(C) Корпорация Майкрософт (Microsoft Corporation).  Все права защищены.

CMakeCCompilerId.c
Microsoft (R) Incremental Linker Version 14.37.32824.0
Copyright (C) Microsoft Corporation.  All rights reserved.

/out:CMakeCCompilerId.exe 
CMakeCCompilerId.obj 


Compilation of the C compiler identification source "CMakeCCompilerId.c" produced "CMakeCCompilerId.exe"

Compilation of the C compiler identification source "CMakeCCompilerId.c" produced "CMakeCCompilerId.obj"

The C compiler identification is MSVC, found in "C:/Repo/NSU/template/cmake-build-debug/CMakeFiles/3.16.5/CompilerIdC/CMakeCCompilerId.exe"

Determining if the C compiler works passed with the following output:
Change Dir: C:/Repo/NSU/template/cmake-build-debug/CMakeFiles/CMakeTmp

Run Build Command(s):nmake /nologo cmTC_046c9\fast && 	"C:\Program Files (x86)\Microsoft Visual Studio\2022\BuildTools\VC\Tools\MSVC\14.37.32822\bin\HostX86\x86\nmake.exe" -f CMakeFiles\cmTC_046c9.dir\build.make /nologo -L                  CMakeFiles\cmTC_046c9.dir\build
Building C object CMakeFiles/cmTC_046c9.dir/testCCompiler.c.obj
	C:\PROGRA~2\MICROS~4\2022\BUILDT~1\VC\Tools\MSVC\1437~1.328\bin\Hostx86\x86\cl.exe @C:\Users\Covald\AppData\Local\Temp\nmFA5F.tmp
testCCompiler.c
Linking C executable cmTC_046c9.exe
	"C:\Program Files\JetBrains\CLion 2020.1\bin\cmake\win\bin\cmake.exe" -E vs_link_exe --intdir=CMakeFiles\cmTC_046c9.dir --rc=C:\PROGRA~2\WI3CF2~1\10\bin\100226~1.0\x86\rc.exe --mt=C:\PROGRA~2\WI3CF2~1\10\bin\100226~1.0\x86\mt.exe --manifests  -- C:\PROGRA~2\MICROS~4\2022\BUILDT~1\VC\Tools\MSVC\1437~1.328\bin\Hostx86\x86\link.exe /nologo @CMakeFiles\cmTC_046c9.dir\objects1.rsp @C:\Users\Covald\AppData\Local\Temp\nmFBC7.tmp



Detecting C compiler ABI info compiled with the following output:
Change Dir: C:/Repo/NSU/template/cmake-build-debug/CMakeFiles/CMakeTmp

Run Build Command(s):nmake /nologo cmTC_e36e3\fast && 	"C:\Program Files (x86)\Microsoft Visual Studio\2022\BuildTools\VC\Tools\MSVC\14.37.32822\bin\HostX86\x86\nmake.exe" -f CMakeFiles\cmTC_e36e3.dir\build.make /nologo -L                  CMakeFiles\cmTC_e36e3.dir\build
Building C object CMakeFiles/cmTC_e36e3.dir/CMakeCCompilerABI.c.obj
	C:\PROGRA~2\MICROS~4\2022\BUILDT~1\VC\Tools\MSVC\1437~1.328\bin\Hostx86\x86\cl.exe @C:\Users\Covald\AppData\Local\Temp\nmFD6C.tmp
CMakeCCompilerABI.c
Linking C executable cmTC_e36e3.exe
	"C:\Program Files\JetBrains\CLion 2020.1\bin\cmake\win\bin\cmake.exe" -E vs_link_exe --intdir=CMakeFiles\cmTC_e36e3.dir --rc=C:\PROGRA~2\WI3CF2~1\10\bin\100226~1.0\x86\rc.exe --mt=C:\PROGRA~2\WI3CF2~1\10\bin\100226~1.0\x86\mt.exe --manifests  -- C:\PROGRA~2\MICROS~4\2022\BUILDT~1\VC\Tools\MSVC\1437~1.328\bin\Hostx86\x86\link.exe /nologo @CMakeFiles\cmTC_e36e3.dir\objects1.rsp @C:\Users\Covald\AppData\Local\Temp\nmFDBB.tmp



